c:\users\twdsa\desktop\panepon\panepon\debug\vc140.pdb
c:\users\twdsa\desktop\panepon\panepon\debug\vc140.idb
c:\users\twdsa\desktop\panepon\panepon\debug\block.obj
c:\users\twdsa\desktop\panepon\panepon\debug\board.obj
c:\users\twdsa\desktop\panepon\panepon\debug\combo.obj
c:\users\twdsa\desktop\panepon\panepon\debug\config.obj
c:\users\twdsa\desktop\panepon\panepon\debug\controller.obj
c:\users\twdsa\desktop\panepon\panepon\debug\cursor.obj
c:\users\twdsa\desktop\panepon\panepon\debug\delete.obj
c:\users\twdsa\desktop\panepon\panepon\debug\deletedecide.obj
c:\users\twdsa\desktop\panepon\panepon\debug\effect.obj
c:\users\twdsa\desktop\panepon\panepon\debug\game.obj
c:\users\twdsa\desktop\panepon\panepon\debug\iscenechanger.obj
c:\users\twdsa\desktop\panepon\panepon\debug\key.obj
c:\users\twdsa\desktop\panepon\panepon\debug\main.obj
c:\users\twdsa\desktop\panepon\panepon\debug\genre.obj
c:\users\twdsa\desktop\panepon\panepon\debug\move.obj
c:\users\twdsa\desktop\panepon\panepon\debug\rule.obj
c:\users\twdsa\desktop\panepon\panepon\debug\scenemgr.obj
c:\users\twdsa\desktop\panepon\panepon\debug\search.obj
c:\users\twdsa\desktop\panepon\panepon\debug\start.obj
c:\users\twdsa\desktop\panepon\panepon\debug\sysmgr.obj
c:\users\twdsa\desktop\panepon\panepon\debug\timekeeper.obj
c:\users\twdsa\desktop\panepon\panepon\debug\choices.obj
c:\users\twdsa\desktop\panepon\panepon\debug\disposablesound.obj
c:\users\twdsa\desktop\panepon\panepon\debug\dxanimation.obj
c:\users\twdsa\desktop\panepon\panepon\debug\dxgraphic.obj
c:\users\twdsa\desktop\panepon\panepon\debug\dxjoypad.obj
c:\users\twdsa\desktop\panepon\panepon\debug\dxkeyboard.obj
c:\users\twdsa\desktop\panepon\panepon\debug\dxsound.obj
c:\users\twdsa\desktop\panepon\panepon\debug\achievement.obj
c:\users\twdsa\desktop\panepon\panepon\debug\baseobject.obj
c:\users\twdsa\desktop\panepon\panepon\debug\basescene.obj
c:\users\twdsa\desktop\panepon\panepon\debug\blockmgr.obj
c:\users\twdsa\desktop\panepon\panepon\debug\panepon.ilk
c:\users\twdsa\desktop\panepon\panepon\debug\panepon.exe
c:\users\twdsa\desktop\panepon\panepon\debug\panepon.pdb
c:\users\twdsa\desktop\panepon\panepon\debug\panepon.tlog\cl.command.1.tlog
c:\users\twdsa\desktop\panepon\panepon\debug\panepon.tlog\cl.read.1.tlog
c:\users\twdsa\desktop\panepon\panepon\debug\panepon.tlog\cl.write.1.tlog
c:\users\twdsa\desktop\panepon\panepon\debug\panepon.tlog\link.command.1.tlog
c:\users\twdsa\desktop\panepon\panepon\debug\panepon.tlog\link.read.1.tlog
c:\users\twdsa\desktop\panepon\panepon\debug\panepon.tlog\link.write.1.tlog
